2017-04-14 11:53:59,650 [Worker-2] INFO  c.g.t.t.d.PublishedGradleVersions - Gradle version information cache is up-to-date. Trying to read.
2017-04-15 11:47:29,228 [Worker-9] INFO  c.g.t.t.d.PublishedGradleVersions - Gradle version information cache is up-to-date. Trying to read.
2017-04-15 21:31:29,547 [Worker-161] INFO  o.e.m.c.i.e.AbstractTransferListenerAdapter - Downloaded https://repo.eclipse.org/content/repositories/cbi-releases/org/codehaus/mojo/templating-maven-plugin/1.0-alpha-3/templating-maven-plugin-1.0-alpha-3.pom
2017-04-15 21:31:29,832 [Worker-161] INFO  o.e.m.c.i.e.AbstractTransferListenerAdapter - Downloading https://repo.maven.apache.org/maven2/org/codehaus/mojo/templating-maven-plugin/1.0-alpha-3/templating-maven-plugin-1.0-alpha-3.pom
2017-04-15 21:31:29,880 [Worker-161] INFO  o.e.m.c.i.e.AbstractTransferListenerAdapter - Downloaded https://repo.maven.apache.org/maven2/org/codehaus/mojo/templating-maven-plugin/1.0-alpha-3/templating-maven-plugin-1.0-alpha-3.pom
2017-04-15 21:31:30,520 [Worker-161] INFO  o.e.m.c.i.e.AbstractTransferListenerAdapter - Downloaded https://repo.eclipse.org/content/repositories/cbi-releases/org/codehaus/mojo/mojo-parent/32/mojo-parent-32.pom
2017-04-15 21:31:30,565 [Worker-161] INFO  o.e.m.c.i.e.AbstractTransferListenerAdapter - Downloading https://repo.maven.apache.org/maven2/org/codehaus/mojo/mojo-parent/32/mojo-parent-32.pom
2017-04-15 21:31:30,640 [Worker-161] INFO  o.e.m.c.i.e.AbstractTransferListenerAdapter - Downloaded https://repo.maven.apache.org/maven2/org/codehaus/mojo/mojo-parent/32/mojo-parent-32.pom
2017-04-15 21:31:31,287 [Worker-161] INFO  o.e.m.c.i.e.AbstractTransferListenerAdapter - Downloaded https://repo.eclipse.org/content/repositories/cbi-releases/org/codehaus/codehaus-parent/4/codehaus-parent-4.pom
2017-04-15 21:31:31,324 [Worker-161] INFO  o.e.m.c.i.e.AbstractTransferListenerAdapter - Downloading https://repo.maven.apache.org/maven2/org/codehaus/codehaus-parent/4/codehaus-parent-4.pom
2017-04-15 21:31:31,384 [Worker-161] INFO  o.e.m.c.i.e.AbstractTransferListenerAdapter - Downloaded https://repo.maven.apache.org/maven2/org/codehaus/codehaus-parent/4/codehaus-parent-4.pom
2017-04-15 21:31:32,052 [Worker-161] INFO  o.e.m.c.i.e.AbstractTransferListenerAdapter - Downloaded https://repo.eclipse.org/content/repositories/cbi-releases/org/codehaus/mojo/templating-maven-plugin/1.0-alpha-3/templating-maven-plugin-1.0-alpha-3.jar
2017-04-15 21:31:32,091 [Worker-161] INFO  o.e.m.c.i.e.AbstractTransferListenerAdapter - Downloading https://repo.maven.apache.org/maven2/org/codehaus/mojo/templating-maven-plugin/1.0-alpha-3/templating-maven-plugin-1.0-alpha-3.jar
2017-04-15 21:31:32,169 [Worker-161] INFO  o.e.m.c.i.e.AbstractTransferListenerAdapter - Downloaded https://repo.maven.apache.org/maven2/org/codehaus/mojo/templating-maven-plugin/1.0-alpha-3/templating-maven-plugin-1.0-alpha-3.jar
2017-04-15 21:31:32,960 [Worker-161] INFO  o.e.m.c.i.e.AbstractTransferListenerAdapter - Downloaded https://repo.eclipse.org/content/repositories/cbi-releases/org/apache/maven/plugins/maven-javadoc-plugin/2.10.4/maven-javadoc-plugin-2.10.4.pom
2017-04-15 21:31:33,000 [Worker-161] INFO  o.e.m.c.i.e.AbstractTransferListenerAdapter - Downloading https://repo.maven.apache.org/maven2/org/apache/maven/plugins/maven-javadoc-plugin/2.10.4/maven-javadoc-plugin-2.10.4.pom
2017-04-15 21:31:33,065 [Worker-161] INFO  o.e.m.c.i.e.AbstractTransferListenerAdapter - Downloaded https://repo.maven.apache.org/maven2/org/apache/maven/plugins/maven-javadoc-plugin/2.10.4/maven-javadoc-plugin-2.10.4.pom
2017-04-15 21:31:33,726 [Worker-161] INFO  o.e.m.c.i.e.AbstractTransferListenerAdapter - Downloaded https://repo.eclipse.org/content/repositories/cbi-releases/org/apache/maven/plugins/maven-javadoc-plugin/2.10.4/maven-javadoc-plugin-2.10.4.jar
2017-04-15 21:31:33,764 [Worker-161] INFO  o.e.m.c.i.e.AbstractTransferListenerAdapter - Downloading https://repo.maven.apache.org/maven2/org/apache/maven/plugins/maven-javadoc-plugin/2.10.4/maven-javadoc-plugin-2.10.4.jar
2017-04-15 21:31:34,028 [Worker-161] INFO  o.e.m.c.i.e.AbstractTransferListenerAdapter - Downloaded https://repo.maven.apache.org/maven2/org/apache/maven/plugins/maven-javadoc-plugin/2.10.4/maven-javadoc-plugin-2.10.4.jar
2017-04-15 21:31:34,916 [Worker-161] INFO  o.e.m.c.i.e.AbstractTransferListenerAdapter - Downloaded https://repo.eclipse.org/content/repositories/cbi-releases/org/eclipse/tycho/tycho-packaging-plugin/0.20.0/tycho-packaging-plugin-0.20.0.jar
2017-04-15 21:31:34,969 [Worker-161] INFO  o.e.m.c.i.e.AbstractTransferListenerAdapter - Downloading https://repo.maven.apache.org/maven2/org/eclipse/tycho/tycho-packaging-plugin/0.20.0/tycho-packaging-plugin-0.20.0.jar
2017-04-15 21:31:35,045 [Worker-161] INFO  o.e.m.c.i.e.AbstractTransferListenerAdapter - Downloaded https://repo.maven.apache.org/maven2/org/eclipse/tycho/tycho-packaging-plugin/0.20.0/tycho-packaging-plugin-0.20.0.jar
2017-04-15 21:31:35,784 [Worker-161] INFO  o.e.m.c.i.e.AbstractTransferListenerAdapter - Downloaded https://repo.eclipse.org/content/repositories/cbi-releases/org/eclipse/tycho/tycho-compiler-plugin/0.20.0/tycho-compiler-plugin-0.20.0.jar
2017-04-15 21:31:35,831 [Worker-161] INFO  o.e.m.c.i.e.AbstractTransferListenerAdapter - Downloading https://repo.maven.apache.org/maven2/org/eclipse/tycho/tycho-compiler-plugin/0.20.0/tycho-compiler-plugin-0.20.0.jar
2017-04-15 21:31:35,880 [Worker-161] INFO  o.e.m.c.i.e.AbstractTransferListenerAdapter - Downloaded https://repo.maven.apache.org/maven2/org/eclipse/tycho/tycho-compiler-plugin/0.20.0/tycho-compiler-plugin-0.20.0.jar
2017-04-15 21:31:36,649 [Worker-161] INFO  o.e.m.c.i.e.AbstractTransferListenerAdapter - Downloaded https://repo.eclipse.org/content/repositories/cbi-releases/org/eclipse/tycho/tycho-p2-plugin/0.20.0/tycho-p2-plugin-0.20.0.jar
2017-04-15 21:31:36,689 [Worker-161] INFO  o.e.m.c.i.e.AbstractTransferListenerAdapter - Downloading https://repo.maven.apache.org/maven2/org/eclipse/tycho/tycho-p2-plugin/0.20.0/tycho-p2-plugin-0.20.0.jar
2017-04-15 21:31:36,750 [Worker-161] INFO  o.e.m.c.i.e.AbstractTransferListenerAdapter - Downloaded https://repo.maven.apache.org/maven2/org/eclipse/tycho/tycho-p2-plugin/0.20.0/tycho-p2-plugin-0.20.0.jar
2017-04-15 21:31:37,438 [Worker-161] INFO  o.e.m.c.i.e.AbstractTransferListenerAdapter - Downloaded https://repo.eclipse.org/content/repositories/cbi-releases/org/apache/maven/plugins/maven-install-plugin/2.3.1/maven-install-plugin-2.3.1.jar
2017-04-15 21:31:37,475 [Worker-161] INFO  o.e.m.c.i.e.AbstractTransferListenerAdapter - Downloading https://repo.maven.apache.org/maven2/org/apache/maven/plugins/maven-install-plugin/2.3.1/maven-install-plugin-2.3.1.jar
2017-04-15 21:31:37,531 [Worker-161] INFO  o.e.m.c.i.e.AbstractTransferListenerAdapter - Downloaded https://repo.maven.apache.org/maven2/org/apache/maven/plugins/maven-install-plugin/2.3.1/maven-install-plugin-2.3.1.jar
2017-04-15 21:31:38,286 [Worker-161] INFO  o.e.m.c.i.e.AbstractTransferListenerAdapter - Downloaded https://repo.eclipse.org/content/repositories/cbi-releases/org/eclipse/tycho/tycho-compiler-plugin/0.20.0/tycho-compiler-plugin-0.20.0.pom
2017-04-15 21:31:38,334 [Worker-161] INFO  o.e.m.c.i.e.AbstractTransferListenerAdapter - Downloading https://repo.maven.apache.org/maven2/org/eclipse/tycho/tycho-compiler-plugin/0.20.0/tycho-compiler-plugin-0.20.0.pom
2017-04-15 21:31:38,377 [Worker-161] INFO  o.e.m.c.i.e.AbstractTransferListenerAdapter - Downloaded https://repo.maven.apache.org/maven2/org/eclipse/tycho/tycho-compiler-plugin/0.20.0/tycho-compiler-plugin-0.20.0.pom
2017-04-15 21:31:39,037 [Worker-161] INFO  o.e.m.c.i.e.AbstractTransferListenerAdapter - Downloaded https://repo.eclipse.org/content/repositories/cbi-releases/org/apache/maven/maven-compat/3.0/maven-compat-3.0.pom
2017-04-15 21:31:39,078 [Worker-161] INFO  o.e.m.c.i.e.AbstractTransferListenerAdapter - Downloading https://repo.maven.apache.org/maven2/org/apache/maven/maven-compat/3.0/maven-compat-3.0.pom
2017-04-15 21:31:39,146 [Worker-161] INFO  o.e.m.c.i.e.AbstractTransferListenerAdapter - Downloaded https://repo.maven.apache.org/maven2/org/apache/maven/maven-compat/3.0/maven-compat-3.0.pom
2017-04-15 21:31:39,861 [Worker-161] INFO  o.e.m.c.i.e.AbstractTransferListenerAdapter - Downloaded https://repo.eclipse.org/content/repositories/cbi-releases/org/eclipse/tycho/tycho-compiler-jdt/0.20.0/tycho-compiler-jdt-0.20.0.pom
2017-04-15 21:31:39,895 [Worker-161] INFO  o.e.m.c.i.e.AbstractTransferListenerAdapter - Downloading https://repo.maven.apache.org/maven2/org/eclipse/tycho/tycho-compiler-jdt/0.20.0/tycho-compiler-jdt-0.20.0.pom
2017-04-15 21:31:39,946 [Worker-161] INFO  o.e.m.c.i.e.AbstractTransferListenerAdapter - Downloaded https://repo.maven.apache.org/maven2/org/eclipse/tycho/tycho-compiler-jdt/0.20.0/tycho-compiler-jdt-0.20.0.pom
2017-04-15 21:31:40,597 [Worker-161] INFO  o.e.m.c.i.e.AbstractTransferListenerAdapter - Downloaded https://repo.eclipse.org/content/repositories/cbi-releases/org/eclipse/tycho/org.eclipse.jdt.core/3.9.1.v20130905-0837/org.eclipse.jdt.core-3.9.1.v20130905-0837.pom
2017-04-15 21:31:40,639 [Worker-161] INFO  o.e.m.c.i.e.AbstractTransferListenerAdapter - Downloading https://repo.maven.apache.org/maven2/org/eclipse/tycho/org.eclipse.jdt.core/3.9.1.v20130905-0837/org.eclipse.jdt.core-3.9.1.v20130905-0837.pom
2017-04-15 21:31:40,675 [Worker-161] INFO  o.e.m.c.i.e.AbstractTransferListenerAdapter - Downloaded https://repo.maven.apache.org/maven2/org/eclipse/tycho/org.eclipse.jdt.core/3.9.1.v20130905-0837/org.eclipse.jdt.core-3.9.1.v20130905-0837.pom
2017-04-15 21:31:41,320 [Worker-161] INFO  o.e.m.c.i.e.AbstractTransferListenerAdapter - Downloaded https://repo.eclipse.org/content/repositories/cbi-releases/org/eclipse/tycho/org.eclipse.jdt.compiler.apt/1.0.600.v20130530-1010/org.eclipse.jdt.compiler.apt-1.0.600.v20130530-1010.pom
2017-04-15 21:31:41,357 [Worker-161] INFO  o.e.m.c.i.e.AbstractTransferListenerAdapter - Downloading https://repo.maven.apache.org/maven2/org/eclipse/tycho/org.eclipse.jdt.compiler.apt/1.0.600.v20130530-1010/org.eclipse.jdt.compiler.apt-1.0.600.v20130530-1010.pom
2017-04-15 21:31:41,409 [Worker-161] INFO  o.e.m.c.i.e.AbstractTransferListenerAdapter - Downloaded https://repo.maven.apache.org/maven2/org/eclipse/tycho/org.eclipse.jdt.compiler.apt/1.0.600.v20130530-1010/org.eclipse.jdt.compiler.apt-1.0.600.v20130530-1010.pom
2017-04-15 21:31:42,127 [Worker-161] INFO  o.e.m.c.i.e.AbstractTransferListenerAdapter - Downloaded https://repo.eclipse.org/content/repositories/cbi-releases/org/apache/maven/maven-compat/3.0/maven-compat-3.0.jar
2017-04-15 21:31:42,756 [Worker-161] INFO  o.e.m.c.i.e.AbstractTransferListenerAdapter - Downloaded https://repo.eclipse.org/content/repositories/cbi-releases/org/apache/maven/wagon/wagon-provider-api/1.0-beta-6/wagon-provider-api-1.0-beta-6.jar
2017-04-15 21:31:43,389 [Worker-161] INFO  o.e.m.c.i.e.AbstractTransferListenerAdapter - Downloaded https://repo.eclipse.org/content/repositories/cbi-releases/org/eclipse/tycho/tycho-compiler-jdt/0.20.0/tycho-compiler-jdt-0.20.0.jar
2017-04-15 21:31:44,065 [Worker-161] INFO  o.e.m.c.i.e.AbstractTransferListenerAdapter - Downloaded https://repo.eclipse.org/content/repositories/cbi-releases/org/eclipse/tycho/org.eclipse.jdt.core/3.9.1.v20130905-0837/org.eclipse.jdt.core-3.9.1.v20130905-0837.jar
2017-04-15 21:31:44,731 [Worker-161] INFO  o.e.m.c.i.e.AbstractTransferListenerAdapter - Downloaded https://repo.eclipse.org/content/repositories/cbi-releases/org/eclipse/tycho/org.eclipse.jdt.compiler.apt/1.0.600.v20130530-1010/org.eclipse.jdt.compiler.apt-1.0.600.v20130530-1010.jar
2017-04-15 21:31:44,793 [Worker-161] INFO  o.e.m.c.i.e.AbstractTransferListenerAdapter - Downloading https://repo.maven.apache.org/maven2/org/apache/maven/maven-compat/3.0/maven-compat-3.0.jar
2017-04-15 21:31:44,931 [Worker-161] INFO  o.e.m.c.i.e.AbstractTransferListenerAdapter - Downloaded https://repo.maven.apache.org/maven2/org/apache/maven/maven-compat/3.0/maven-compat-3.0.jar
2017-04-15 21:31:44,973 [Worker-161] INFO  o.e.m.c.i.e.AbstractTransferListenerAdapter - Downloading https://repo.maven.apache.org/maven2/org/apache/maven/wagon/wagon-provider-api/1.0-beta-6/wagon-provider-api-1.0-beta-6.jar
2017-04-15 21:31:45,039 [Worker-161] INFO  o.e.m.c.i.e.AbstractTransferListenerAdapter - Downloaded https://repo.maven.apache.org/maven2/org/apache/maven/wagon/wagon-provider-api/1.0-beta-6/wagon-provider-api-1.0-beta-6.jar
2017-04-15 21:31:45,078 [Worker-161] INFO  o.e.m.c.i.e.AbstractTransferListenerAdapter - Downloading https://repo.maven.apache.org/maven2/org/eclipse/tycho/tycho-compiler-jdt/0.20.0/tycho-compiler-jdt-0.20.0.jar
2017-04-15 21:31:45,125 [Worker-161] INFO  o.e.m.c.i.e.AbstractTransferListenerAdapter - Downloaded https://repo.maven.apache.org/maven2/org/eclipse/tycho/tycho-compiler-jdt/0.20.0/tycho-compiler-jdt-0.20.0.jar
2017-04-15 21:31:45,222 [Worker-161] INFO  o.e.m.c.i.e.AbstractTransferListenerAdapter - Downloading https://repo.maven.apache.org/maven2/org/eclipse/tycho/org.eclipse.jdt.core/3.9.1.v20130905-0837/org.eclipse.jdt.core-3.9.1.v20130905-0837.jar
2017-04-15 21:31:46,580 [Worker-161] INFO  o.e.m.c.i.e.AbstractTransferListenerAdapter - Downloaded https://repo.maven.apache.org/maven2/org/eclipse/tycho/org.eclipse.jdt.core/3.9.1.v20130905-0837/org.eclipse.jdt.core-3.9.1.v20130905-0837.jar
2017-04-15 21:31:46,616 [Worker-161] INFO  o.e.m.c.i.e.AbstractTransferListenerAdapter - Downloading https://repo.maven.apache.org/maven2/org/eclipse/tycho/org.eclipse.jdt.compiler.apt/1.0.600.v20130530-1010/org.eclipse.jdt.compiler.apt-1.0.600.v20130530-1010.jar
2017-04-15 21:31:46,704 [Worker-161] INFO  o.e.m.c.i.e.AbstractTransferListenerAdapter - Downloaded https://repo.maven.apache.org/maven2/org/eclipse/tycho/org.eclipse.jdt.compiler.apt/1.0.600.v20130530-1010/org.eclipse.jdt.compiler.apt-1.0.600.v20130530-1010.jar
2017-04-15 21:31:47,241 [Worker-161] INFO  o.e.m.c.i.l.LifecycleMappingFactory - Using org.sonatype.tycho.m2e.tychoLifecycleMapping lifecycle mapping for MavenProject: org.eclipse.paho:org.eclipse.paho.client.mqttv3:1.1.1 @ C:\D\MasterThesis\SRC\paho.mqtt.java-master\paho.mqtt.java-master\org.eclipse.paho.client.mqttv3\pom.xml.
2017-04-15 21:31:47,691 [Worker-161] INFO  o.e.m.c.i.embedder.EclipseLogger - Using 'UTF-8' encoding to copy filtered resources.
2017-04-15 21:31:47,700 [Worker-161] INFO  o.e.m.c.i.embedder.EclipseLogger - Copying 16 resources
2017-04-15 21:31:47,717 [Worker-161] INFO  o.e.m.c.i.embedder.EclipseLogger - Using 'UTF-8' encoding to copy filtered resources.
2017-04-15 21:31:48,188 [Worker-161] INFO  o.e.m.c.i.embedder.EclipseLogger - Copying 1 resource
2017-04-15 21:31:48,197 [Worker-161] INFO  o.e.m.c.i.embedder.EclipseLogger - Using 'UTF-8' encoding to copy filtered resources.
2017-04-15 21:31:48,197 [Worker-161] INFO  o.e.m.c.i.embedder.EclipseLogger - skip non existing resourceDirectory C:\D\MasterThesis\SRC\paho.mqtt.java-master\paho.mqtt.java-master\org.eclipse.paho.client.mqttv3\src\test\resources
2017-04-15 21:31:49,320 [Worker-159] INFO  o.e.m.c.i.l.LifecycleMappingFactory - Using org.sonatype.tycho.m2e.tychoLifecycleMapping lifecycle mapping for MavenProject: org.eclipse.paho:org.eclipse.paho.client.mqttv3:1.1.1 @ C:\D\MasterThesis\SRC\paho.mqtt.java-master\paho.mqtt.java-master\org.eclipse.paho.client.mqttv3\pom.xml.
2017-04-15 21:32:03,867 [Worker-161] INFO  o.e.m.c.i.l.LifecycleMappingFactory - Using org.sonatype.tycho.m2e.tychoLifecycleMapping lifecycle mapping for MavenProject: org.eclipse.paho:org.eclipse.paho.client.mqttv3:1.1.1 @ C:\D\MasterThesis\SRC\paho.mqtt.java-master\paho.mqtt.java-master\org.eclipse.paho.client.mqttv3\pom.xml.
2017-04-15 21:32:04,223 [Worker-161] INFO  o.e.m.c.i.embedder.EclipseLogger - Using 'UTF-8' encoding to copy filtered resources.
2017-04-15 21:32:04,224 [Worker-161] INFO  o.e.m.c.i.embedder.EclipseLogger - Copying 16 resources
2017-04-15 21:32:04,239 [Worker-161] INFO  o.e.m.c.i.embedder.EclipseLogger - Using 'UTF-8' encoding to copy filtered resources.
2017-04-15 21:32:04,618 [Worker-161] INFO  o.e.m.c.i.embedder.EclipseLogger - Copying 1 resource
2017-04-15 21:32:04,626 [Worker-161] INFO  o.e.m.c.i.embedder.EclipseLogger - Using 'UTF-8' encoding to copy filtered resources.
2017-04-15 21:32:04,626 [Worker-161] INFO  o.e.m.c.i.embedder.EclipseLogger - skip non existing resourceDirectory C:\D\MasterThesis\SRC\paho.mqtt.java-master\paho.mqtt.java-master\org.eclipse.paho.client.mqttv3\src\test\resources
2017-04-16 10:55:04,457 [Worker-2] INFO  c.g.t.t.d.PublishedGradleVersions - Gradle version information cache is up-to-date. Trying to read.
2017-04-16 22:09:06,906 [Worker-2] INFO  c.g.t.t.d.PublishedGradleVersions - Gradle version information cache is up-to-date. Trying to read.
2017-04-16 22:39:00,809 [Worker-2] INFO  c.g.t.t.d.PublishedGradleVersions - Gradle version information cache is up-to-date. Trying to read.
2017-04-18 13:38:29,032 [Worker-2] INFO  c.g.t.t.d.PublishedGradleVersions - Gradle version information cache is out-of-date. Trying to update.
2017-04-19 08:51:55,373 [Worker-2] INFO  c.g.t.t.d.PublishedGradleVersions - Gradle version information cache is up-to-date. Trying to read.
2017-04-21 10:41:52,995 [Worker-2] INFO  c.g.t.t.d.PublishedGradleVersions - Gradle version information cache is up-to-date. Trying to read.
2017-04-24 20:47:16,007 [Worker-1] INFO  c.g.t.t.d.PublishedGradleVersions - Gradle version information cache is out-of-date. Trying to update.
2017-04-26 10:15:07,235 [Worker-2] INFO  c.g.t.t.d.PublishedGradleVersions - Gradle version information cache is up-to-date. Trying to read.
